<?xml version="1.0" encoding="UTF-8"?><testrun name="AuthorizationControllerTests" project="Authorization-Microservice" tests="9" started="9" failures="1" errors="0" ignored="0">
  <testsuite name="com.cts.auth.controller.AuthorizationControllerTests" time="0.341" displayname="AuthorizationControllerTests" uniqueid="[engine:junit-jupiter]/[class:com.cts.auth.controller.AuthorizationControllerTests]">
    <testcase name="testAuthorizeTheRequest_validToken" classname="com.cts.auth.controller.AuthorizationControllerTests" time="0.12" displayname="Method to validate authorizeTheRequest() method with valid token" uniqueid="[engine:junit-jupiter]/[class:com.cts.auth.controller.AuthorizationControllerTests]/[method:testAuthorizeTheRequest_validToken()]"/>
    <testcase name="authenticateTheRequest_validCredentials" classname="com.cts.auth.controller.AuthorizationControllerTests" time="0.118" displayname="Method to validate authenticateTheRequest() method with valid credentials" uniqueid="[engine:junit-jupiter]/[class:com.cts.auth.controller.AuthorizationControllerTests]/[method:authenticateTheRequest_validCredentials()]"/>
    <testcase name="testAuthorizeTheRequest_invalidRole" classname="com.cts.auth.controller.AuthorizationControllerTests" time="0.008" displayname="Method to validate authorizeTheRequest() method with invalid role" uniqueid="[engine:junit-jupiter]/[class:com.cts.auth.controller.AuthorizationControllerTests]/[method:testAuthorizeTheRequest_invalidRole()]"/>
    <testcase name="authenticateTheRequest_invalidCredentials" classname="com.cts.auth.controller.AuthorizationControllerTests" time="0.041" displayname="Method to validate authenticateTheRequest() method with invalid account credentials" uniqueid="[engine:junit-jupiter]/[class:com.cts.auth.controller.AuthorizationControllerTests]/[method:authenticateTheRequest_invalidCredentials()]"/>
    <testcase name="authenticateTheRequest_globalExceptions" classname="com.cts.auth.controller.AuthorizationControllerTests" time="0.015" displayname="Method to validate authenticateTheRequest() method with Global Input Errors" uniqueid="[engine:junit-jupiter]/[class:com.cts.auth.controller.AuthorizationControllerTests]/[method:authenticateTheRequest_globalExceptions()]">
      <failure>java.lang.AssertionError: No value at JSON path "$.message"&#13;
	at org.springframework.test.util.JsonPathExpectationsHelper.evaluateJsonPath(JsonPathExpectationsHelper.java:304)&#13;
	at org.springframework.test.util.JsonPathExpectationsHelper.assertValue(JsonPathExpectationsHelper.java:73)&#13;
	at org.springframework.test.web.servlet.result.JsonPathResultMatchers.lambda$value$0(JsonPathResultMatchers.java:87)&#13;
	at org.springframework.test.web.servlet.MockMvc$1.andExpect(MockMvc.java:196)&#13;
	at com.cts.auth.controller.AuthorizationControllerTests.authenticateTheRequest_globalExceptions(AuthorizationControllerTests.java:136)&#13;
	at java.base/jdk.internal.reflect.NativeMethodAccessorImpl.invoke0(Native Method)&#13;
	at java.base/jdk.internal.reflect.NativeMethodAccessorImpl.invoke(NativeMethodAccessorImpl.java:77)&#13;
	at java.base/jdk.internal.reflect.DelegatingMethodAccessorImpl.invoke(DelegatingMethodAccessorImpl.java:43)&#13;
	at java.base/java.lang.reflect.Method.invoke(Method.java:568)&#13;
	at org.junit.platform.commons.util.ReflectionUtils.invokeMethod(ReflectionUtils.java:688)&#13;
	at org.junit.jupiter.engine.execution.MethodInvocation.proceed(MethodInvocation.java:60)&#13;
	at org.junit.jupiter.engine.execution.InvocationInterceptorChain$ValidatingInvocation.proceed(InvocationInterceptorChain.java:131)&#13;
	at org.junit.jupiter.engine.extension.TimeoutExtension.intercept(TimeoutExtension.java:149)&#13;
	at org.junit.jupiter.engine.extension.TimeoutExtension.interceptTestableMethod(TimeoutExtension.java:140)&#13;
	at org.junit.jupiter.engine.extension.TimeoutExtension.interceptTestMethod(TimeoutExtension.java:84)&#13;
	at org.junit.jupiter.engine.execution.ExecutableInvoker$ReflectiveInterceptorCall.lambda$ofVoidMethod$0(ExecutableInvoker.java:115)&#13;
	at org.junit.jupiter.engine.execution.ExecutableInvoker.lambda$invoke$0(ExecutableInvoker.java:105)&#13;
	at org.junit.jupiter.engine.execution.InvocationInterceptorChain$InterceptedInvocation.proceed(InvocationInterceptorChain.java:106)&#13;
	at org.junit.jupiter.engine.execution.InvocationInterceptorChain.proceed(InvocationInterceptorChain.java:64)&#13;
	at org.junit.jupiter.engine.execution.InvocationInterceptorChain.chainAndInvoke(InvocationInterceptorChain.java:45)&#13;
	at org.junit.jupiter.engine.execution.InvocationInterceptorChain.invoke(InvocationInterceptorChain.java:37)&#13;
	at org.junit.jupiter.engine.execution.ExecutableInvoker.invoke(ExecutableInvoker.java:104)&#13;
	at org.junit.jupiter.engine.execution.ExecutableInvoker.invoke(ExecutableInvoker.java:98)&#13;
	at org.junit.jupiter.engine.descriptor.TestMethodTestDescriptor.lambda$invokeTestMethod$6(TestMethodTestDescriptor.java:210)&#13;
	at org.junit.platform.engine.support.hierarchical.ThrowableCollector.execute(ThrowableCollector.java:73)&#13;
	at org.junit.jupiter.engine.descriptor.TestMethodTestDescriptor.invokeTestMethod(TestMethodTestDescriptor.java:206)&#13;
	at org.junit.jupiter.engine.descriptor.TestMethodTestDescriptor.execute(TestMethodTestDescriptor.java:131)&#13;
	at org.junit.jupiter.engine.descriptor.TestMethodTestDescriptor.execute(TestMethodTestDescriptor.java:65)&#13;
	at org.junit.platform.engine.support.hierarchical.NodeTestTask.lambda$executeRecursively$5(NodeTestTask.java:139)&#13;
	at org.junit.platform.engine.support.hierarchical.ThrowableCollector.execute(ThrowableCollector.java:73)&#13;
	at org.junit.platform.engine.support.hierarchical.NodeTestTask.lambda$executeRecursively$7(NodeTestTask.java:129)&#13;
	at org.junit.platform.engine.support.hierarchical.Node.around(Node.java:137)&#13;
	at org.junit.platform.engine.support.hierarchical.NodeTestTask.lambda$executeRecursively$8(NodeTestTask.java:127)&#13;
	at org.junit.platform.engine.support.hierarchical.ThrowableCollector.execute(ThrowableCollector.java:73)&#13;
	at org.junit.platform.engine.support.hierarchical.NodeTestTask.executeRecursively(NodeTestTask.java:126)&#13;
	at org.junit.platform.engine.support.hierarchical.NodeTestTask.execute(NodeTestTask.java:84)&#13;
	at java.base/java.util.ArrayList.forEach(ArrayList.java:1511)&#13;
	at org.junit.platform.engine.support.hierarchical.SameThreadHierarchicalTestExecutorService.invokeAll(SameThreadHierarchicalTestExecutorService.java:38)&#13;
	at org.junit.platform.engine.support.hierarchical.NodeTestTask.lambda$executeRecursively$5(NodeTestTask.java:143)&#13;
	at org.junit.platform.engine.support.hierarchical.ThrowableCollector.execute(ThrowableCollector.java:73)&#13;
	at org.junit.platform.engine.support.hierarchical.NodeTestTask.lambda$executeRecursively$7(NodeTestTask.java:129)&#13;
	at org.junit.platform.engine.support.hierarchical.Node.around(Node.java:137)&#13;
	at org.junit.platform.engine.support.hierarchical.NodeTestTask.lambda$executeRecursively$8(NodeTestTask.java:127)&#13;
	at org.junit.platform.engine.support.hierarchical.ThrowableCollector.execute(ThrowableCollector.java:73)&#13;
	at org.junit.platform.engine.support.hierarchical.NodeTestTask.executeRecursively(NodeTestTask.java:126)&#13;
	at org.junit.platform.engine.support.hierarchical.NodeTestTask.execute(NodeTestTask.java:84)&#13;
	at java.base/java.util.ArrayList.forEach(ArrayList.java:1511)&#13;
	at org.junit.platform.engine.support.hierarchical.SameThreadHierarchicalTestExecutorService.invokeAll(SameThreadHierarchicalTestExecutorService.java:38)&#13;
	at org.junit.platform.engine.support.hierarchical.NodeTestTask.lambda$executeRecursively$5(NodeTestTask.java:143)&#13;
	at org.junit.platform.engine.support.hierarchical.ThrowableCollector.execute(ThrowableCollector.java:73)&#13;
	at org.junit.platform.engine.support.hierarchical.NodeTestTask.lambda$executeRecursively$7(NodeTestTask.java:129)&#13;
	at org.junit.platform.engine.support.hierarchical.Node.around(Node.java:137)&#13;
	at org.junit.platform.engine.support.hierarchical.NodeTestTask.lambda$executeRecursively$8(NodeTestTask.java:127)&#13;
	at org.junit.platform.engine.support.hierarchical.ThrowableCollector.execute(ThrowableCollector.java:73)&#13;
	at org.junit.platform.engine.support.hierarchical.NodeTestTask.executeRecursively(NodeTestTask.java:126)&#13;
	at org.junit.platform.engine.support.hierarchical.NodeTestTask.execute(NodeTestTask.java:84)&#13;
	at org.junit.platform.engine.support.hierarchical.SameThreadHierarchicalTestExecutorService.submit(SameThreadHierarchicalTestExecutorService.java:32)&#13;
	at org.junit.platform.engine.support.hierarchical.HierarchicalTestExecutor.execute(HierarchicalTestExecutor.java:57)&#13;
	at org.junit.platform.engine.support.hierarchical.HierarchicalTestEngine.execute(HierarchicalTestEngine.java:51)&#13;
	at org.junit.platform.launcher.core.EngineExecutionOrchestrator.execute(EngineExecutionOrchestrator.java:108)&#13;
	at org.junit.platform.launcher.core.EngineExecutionOrchestrator.execute(EngineExecutionOrchestrator.java:88)&#13;
	at org.junit.platform.launcher.core.EngineExecutionOrchestrator.lambda$execute$0(EngineExecutionOrchestrator.java:54)&#13;
	at org.junit.platform.launcher.core.EngineExecutionOrchestrator.withInterceptedStreams(EngineExecutionOrchestrator.java:67)&#13;
	at org.junit.platform.launcher.core.EngineExecutionOrchestrator.execute(EngineExecutionOrchestrator.java:52)&#13;
	at org.junit.platform.launcher.core.DefaultLauncher.execute(DefaultLauncher.java:96)&#13;
	at org.junit.platform.launcher.core.DefaultLauncher.execute(DefaultLauncher.java:84)&#13;
	at org.eclipse.jdt.internal.junit5.runner.JUnit5TestReference.run(JUnit5TestReference.java:98)&#13;
	at org.eclipse.jdt.internal.junit.runner.TestExecution.run(TestExecution.java:40)&#13;
	at org.eclipse.jdt.internal.junit.runner.RemoteTestRunner.runTests(RemoteTestRunner.java:529)&#13;
	at org.eclipse.jdt.internal.junit.runner.RemoteTestRunner.runTests(RemoteTestRunner.java:756)&#13;
	at org.eclipse.jdt.internal.junit.runner.RemoteTestRunner.run(RemoteTestRunner.java:452)&#13;
	at org.eclipse.jdt.internal.junit.runner.RemoteTestRunner.main(RemoteTestRunner.java:210)&#13;
Caused by: java.lang.IllegalArgumentException: json can not be null or empty&#13;
	at com.jayway.jsonpath.internal.Utils.notEmpty(Utils.java:386)&#13;
	at com.jayway.jsonpath.JsonPath.read(JsonPath.java:342)&#13;
	at com.jayway.jsonpath.JsonPath.read(JsonPath.java:329)&#13;
	at org.springframework.test.util.JsonPathExpectationsHelper.evaluateJsonPath(JsonPathExpectationsHelper.java:301)&#13;
	... 71 more&#13;
&#13;
</failure>
    </testcase>
    <testcase name="authenticateTheRequest_LockedCredentials" classname="com.cts.auth.controller.AuthorizationControllerTests" time="0.007" displayname="Method to validate authenticateTheRequest() method with locked account credentials" uniqueid="[engine:junit-jupiter]/[class:com.cts.auth.controller.AuthorizationControllerTests]/[method:authenticateTheRequest_LockedCredentials()]"/>
    <testcase name="authenticateTheRequest_DisabledAccountCredentials" classname="com.cts.auth.controller.AuthorizationControllerTests" time="0.007" displayname="Method to validate authenticateTheRequest() method with disabled account credentials" uniqueid="[engine:junit-jupiter]/[class:com.cts.auth.controller.AuthorizationControllerTests]/[method:authenticateTheRequest_DisabledAccountCredentials()]"/>
    <testcase name="testAuthorizeTheRequest_invalidToken" classname="com.cts.auth.controller.AuthorizationControllerTests" time="0.007" displayname="Method to validate authorizeTheRequest() method with invalid/expired token" uniqueid="[engine:junit-jupiter]/[class:com.cts.auth.controller.AuthorizationControllerTests]/[method:testAuthorizeTheRequest_invalidToken()]"/>
    <testcase name="testHealthCheck" classname="com.cts.auth.controller.AuthorizationControllerTests" time="0.005" displayname="Method to validate controller health" uniqueid="[engine:junit-jupiter]/[class:com.cts.auth.controller.AuthorizationControllerTests]/[method:testHealthCheck()]"/>
  </testsuite>
</testrun>
